Arguments: 
  C:\Program Files\nodejs\node.exe C:\Users\yousra\AppData\Roaming\npm\node_modules\yarn\bin\yarn.js init

PATH: 
  C:\Users\yousra\bin;C:\Program Files\Git\mingw64\bin;C:\Program Files\Git\usr\local\bin;C:\Program Files\Git\usr\bin;C:\Program Files\Git\usr\bin;C:\Program Files\Git\mingw64\bin;C:\Program Files\Git\usr\bin;C:\Users\yousra\bin;C:\Program Files (x86)\Common Files\Oracle\Java\javapath;C:\ProgramData\Oracle\Java\javapath;C:\WINDOWS\system32;C:\WINDOWS;C:\WINDOWS\System32\Wbem;C:\WINDOWS\System32\WindowsPowerShell\v1.0;C:\Program Files\Java\jdk1.8.0_121\bin;C:\Program Files\Git\cmd;C:\Program Files (x86)\Brackets\command;C:\Program Files\PuTTY;C:\Program Files\Microsoft SQL Server\130\Tools\Binn;C:\Program Files\nodejs;C:\Ruby\bin;C:\Users\yousra\AppData\Local\Microsoft\WindowsApps;C:\Users\yousra\AppData\Local\Programs\Fiddler;C:\Users\yousra\AppData\Local\Microsoft\WindowsApps;C:\Program Files\Docker Toolbox;C:\Users\yousra\AppData\Roaming\npm;C:\Program Files\Microsoft VS Code\bin;C:\Program Files\Git\usr\bin\vendor_perl;C:\Program Files\Git\usr\bin\core_perl

Yarn version: 
  1.6.0

Node version: 
  8.11.1

Platform: 
  win32 x64

Trace: 
  Error: Can't answer a question unless a user TTY
      at ConsoleReporter.question (C:\Users\yousra\AppData\Roaming\npm\node_modules\yarn\lib\cli.js:93239:59)
      at Object.<anonymous> (C:\Users\yousra\AppData\Roaming\npm\node_modules\yarn\lib\cli.js:86193:38)
      at Generator.next (<anonymous>)
      at step (C:\Users\yousra\AppData\Roaming\npm\node_modules\yarn\lib\cli.js:98:30)
      at C:\Users\yousra\AppData\Roaming\npm\node_modules\yarn\lib\cli.js:109:13
      at <anonymous>

npm manifest: 
  No manifest

yarn manifest: 
  No manifest

Lockfile: 
  No lockfile
